<?xml version="1.0" encoding="UTF-8"?>
<!-- Generated by org.testng.reporters.JUnitXMLReporter -->
<testsuite ignored="2" hostname="NOI-PG037B2M" failures="0" tests="3" name="Test" time="29.647" errors="0" timestamp="2025-01-22T15:33:06 IST">
  <testcase classname="AmazonTestPackage.AmazonTestProject.LoginTest" name="LoginTest" time="12.572"/>
  <testcase classname="AmazonTestPackage.AmazonTestProject.SearchProductTestCase" name="SearchProduct" time="0.422">
    <skipped/>
  </testcase> <!-- SearchProduct -->
  <testcase classname="AmazonTestPackage.AmazonTestProject.SearchProductTestCase" name="SearchProduct" time="8.372"/>
  <testcase classname="AmazonTestPackage.AmazonTestProject.AmazonLaunchAndQuit" name="@AfterTest QuitAmazon" time="0.0">
    <ignored/>
  </testcase> <!-- @AfterTest QuitAmazon -->
  <testcase classname="AmazonTestPackage.AmazonTestProject.AmazonLaunchAndQuit" name="@BeforeTest LaunchAmazon" time="0.0">
    <ignored/>
  </testcase> <!-- @BeforeTest LaunchAmazon -->
</testsuite> <!-- Test -->
