<?xml version="1.0" encoding="UTF-8"?>
<!-- Generated by org.testng.reporters.JUnitXMLReporter -->
<testsuite ignored="2" hostname="NOI-PG037B2M" failures="0" tests="2" name="CTest" time="46.912" errors="0" timestamp="2025-01-23T23:57:03 IST">
  <testcase classname="AmazonTestPackage.AmazonTestProject.LoginTest" name="LoginTest" time="18.332"/>
  <testcase classname="AmazonTestPackage.AmazonTestProject.SearchProductTestCase" name="SearchProduct" time="12.315"/>
  <testcase classname="AmazonTestPackage.AmazonTestProject.AmazonLaunchAndQuit" name="@BeforeTest LaunchAmazon" time="0.0">
    <ignored/>
  </testcase> <!-- @BeforeTest LaunchAmazon -->
  <testcase classname="AmazonTestPackage.AmazonTestProject.AmazonLaunchAndQuit" name="@AfterTest QuitAmazon" time="0.0">
    <ignored/>
  </testcase> <!-- @AfterTest QuitAmazon -->
</testsuite> <!-- CTest -->
