<?xml version="1.0" encoding="UTF-8"?>
<!-- Generated by org.testng.reporters.JUnitXMLReporter -->
<testsuite ignored="2" hostname="NOI-PG037B2M" failures="0" tests="2" name="Test" time="2.791" errors="0" timestamp="2025-01-23T12:58:38 IST">
  <testcase classname="AmazonTestPackage.AmazonTestProject.AmazonLaunchAndQuit" name="@BeforeTest LaunchAmazon" time="-1.73761731562E9">
    <failure type="org.testng.TestNGException" message="
Parameter &amp;apos;Environment&amp;apos; is required by BeforeTest on method LaunchAmazon but has not been marked @Optional or defined
in C:\Users\sandeep.kumar\eclipse-workspace\AmazonTestProject\testng.xml">
      <![CDATA[org.testng.TestNGException: 
Parameter 'Environment' is required by BeforeTest on method LaunchAmazon but has not been marked @Optional or defined
in C:\Users\sandeep.kumar\eclipse-workspace\AmazonTestProject\testng.xml
... Removed 25 stack frames]]>
    </failure>
  </testcase> <!-- @BeforeTest LaunchAmazon -->
  <testcase classname="AmazonTestPackage.AmazonTestProject.AmazonLaunchAndQuit" name="@AfterTest QuitAmazon" time="0.0">
    <skipped/>
  </testcase> <!-- @AfterTest QuitAmazon -->
  <testcase classname="AmazonTestPackage.AmazonTestProject.LoginTest" name="LoginTest" time="0.0">
    <skipped/>
  </testcase> <!-- LoginTest -->
  <testcase classname="AmazonTestPackage.AmazonTestProject.SearchProductTestCase" name="SearchProduct" time="0.0">
    <skipped/>
  </testcase> <!-- SearchProduct -->
  <testcase classname="AmazonTestPackage.AmazonTestProject.AmazonLaunchAndQuit" name="@AfterTest QuitAmazon" time="0.0">
    <ignored/>
  </testcase> <!-- @AfterTest QuitAmazon -->
  <testcase classname="AmazonTestPackage.AmazonTestProject.AmazonLaunchAndQuit" name="@BeforeTest LaunchAmazon" time="0.0">
    <ignored/>
  </testcase> <!-- @BeforeTest LaunchAmazon -->
</testsuite> <!-- Test -->
