<?xml version="1.0" encoding="UTF-8"?>
<testsuite xmlns:xsi="http://www.w3.org/2001/XMLSchema-instance" xsi:noNamespaceSchemaLocation="https://maven.apache.org/surefire/maven-surefire-plugin/xsd/surefire-test-report-3.0.xsd" version="3.0" name="TestSuite" time="5.141" tests="4" errors="0" skipped="3" failures="1">
  <properties>
[...]
</properties>
  <testcase name="LaunchAmazon" classname="AmazonTestPackage.AmazonTestProject.LoginTest" time="1.883">
    <failure message="&#10;Parameter &apos;Environment&apos; is required by BeforeTest on method LaunchAmazon but has not been marked @Optional or defined&#10;in C:\Users\sandeep.kumar\eclipse-workspace\AmazonTestProject\testng.xml" type="org.testng.TestNGException"><![CDATA[org.testng.TestNGException: 

Parameter 'Environment' is required by BeforeTest on method LaunchAmazon but has not been marked @Optional or defined
in C:\Users\sandeep.kumar\eclipse-workspace\AmazonTestProject\testng.xml
	at org.testng.internal.Parameters.createParams(Parameters.java:264)
	at org.testng.internal.Parameters.createParametersForMethod(Parameters.java:352)
	at org.testng.internal.Parameters.createParameters(Parameters.java:690)
	at org.testng.internal.Parameters.createConfigurationParameters(Parameters.java:163)
	at org.testng.internal.invokers.ConfigInvoker.invokeConfigurations(ConfigInvoker.java:313)
	at org.testng.TestRunner.invokeTestConfigurations(TestRunner.java:655)
	at org.testng.TestRunner.beforeRun(TestRunner.java:644)
	at org.testng.TestRunner.run(TestRunner.java:610)
	at org.testng.SuiteRunner.runTest(SuiteRunner.java:421)
	at org.testng.SuiteRunner.runSequentially(SuiteRunner.java:413)
	at org.testng.SuiteRunner.privateRun(SuiteRunner.java:373)
	at org.testng.SuiteRunner.run(SuiteRunner.java:312)
	at org.testng.SuiteRunnerWorker.runSuite(SuiteRunnerWorker.java:52)
	at org.testng.SuiteRunnerWorker.run(SuiteRunnerWorker.java:95)
	at org.testng.TestNG.runSuitesSequentially(TestNG.java:1274)
	at org.testng.TestNG.runSuitesLocally(TestNG.java:1208)
	at org.testng.TestNG.runSuites(TestNG.java:1112)
	at org.testng.TestNG.run(TestNG.java:1079)
	at org.apache.maven.surefire.testng.TestNGExecutor.run(TestNGExecutor.java:324)
	at org.apache.maven.surefire.testng.TestNGXmlTestSuite.execute(TestNGXmlTestSuite.java:74)
	at org.apache.maven.surefire.testng.TestNGProvider.invoke(TestNGProvider.java:123)
	at org.apache.maven.surefire.booter.ForkedBooter.runSuitesInProcess(ForkedBooter.java:456)
	at org.apache.maven.surefire.booter.ForkedBooter.execute(ForkedBooter.java:169)
	at org.apache.maven.surefire.booter.ForkedBooter.run(ForkedBooter.java:595)
	at org.apache.maven.surefire.booter.ForkedBooter.main(ForkedBooter.java:581)
]]></failure>
    <system-err><![CDATA[SLF4J: Failed to load class "org.slf4j.impl.StaticLoggerBinder".
SLF4J: Defaulting to no-operation (NOP) logger implementation
SLF4J: See http://www.slf4j.org/codes.html#StaticLoggerBinder for further details.
]]></system-err>
  </testcase>
  <testcase name="LoginTest[decentsandy744@gmail.com, Intel@22August](1)" classname="AmazonTestPackage.AmazonTestProject.LoginTest" time="0">
    <skipped message="&#10;Parameter &apos;Environment&apos; is required by BeforeTest on method LaunchAmazon but has not been marked @Optional or defined&#10;in C:\Users\sandeep.kumar\eclipse-workspace\AmazonTestProject\testng.xml"/>
    <system-err><![CDATA[ERROR StatusLogger Log4j2 could not find a logging implementation. Please add log4j-core to the classpath. Using SimpleLogger to log to the console...
]]></system-err>
  </testcase>
  <testcase name="QuitAmazon" classname="AmazonTestPackage.AmazonTestProject.LoginTest" time="0">
    <skipped/>
  </testcase>
  <testcase name="SearchProduct" classname="AmazonTestPackage.AmazonTestProject.SearchProductTestCase" time="0">
    <skipped message="&#10;Parameter &apos;Environment&apos; is required by BeforeTest on method LaunchAmazon but has not been marked @Optional or defined&#10;in C:\Users\sandeep.kumar\eclipse-workspace\AmazonTestProject\testng.xml"/>
  </testcase>
</testsuite>