<?xml version="1.0" encoding="UTF-8"?>
<testng-results ignored="0" total="1" passed="1" failed="0" skipped="0">
  <reporter-output>
    <line>
      <![CDATA[Test Case is Passed]]>
    </line>
  </reporter-output>
  <suite started-at="2025-01-23T00:23:31 IST" name="Default suite" finished-at="2025-01-23T00:24:02 IST" duration-ms="30262">
    <groups>
    </groups>
    <test started-at="2025-01-23T00:23:31 IST" name="Default test" finished-at="2025-01-23T00:24:02 IST" duration-ms="30262">
      <class name="AmazonTestPackage.AmazonTestProject.LoginTest">
        <test-method is-config="true" signature="LaunchAmazon()[pri:0, instance:AmazonTestPackage.AmazonTestProject.LoginTest@38c6f217]" started-at="2025-01-23T00:23:31 IST" name="LaunchAmazon" finished-at="2025-01-23T00:23:41 IST" duration-ms="9200" status="PASS">
          <reporter-output>
          </reporter-output>
        </test-method> <!-- LaunchAmazon -->
        <test-method signature="LoginTest(java.lang.String,java.lang.String)[pri:0, instance:AmazonTestPackage.AmazonTestProject.LoginTest@38c6f217]" started-at="2025-01-23T00:23:44 IST" name="LoginTest" data-provider="inputvalue" finished-at="2025-01-23T00:23:59 IST" duration-ms="15322" status="PASS">
          <params>
            <param index="0">
              <value>
                <![CDATA[decentsandy744@gmail.com]]>
              </value>
            </param>
            <param index="1">
              <value>
                <![CDATA[Intel@22August]]>
              </value>
            </param>
          </params>
          <reporter-output>
            <line>
              <![CDATA[Test Case is Passed]]>
            </line>
          </reporter-output>
        </test-method> <!-- LoginTest -->
        <test-method is-config="true" signature="QuitAmazon()[pri:0, instance:AmazonTestPackage.AmazonTestProject.LoginTest@38c6f217]" started-at="2025-01-23T00:24:00 IST" name="QuitAmazon" finished-at="2025-01-23T00:24:02 IST" duration-ms="2003" status="PASS">
          <reporter-output>
          </reporter-output>
        </test-method> <!-- QuitAmazon -->
      </class> <!-- AmazonTestPackage.AmazonTestProject.LoginTest -->
    </test> <!-- Default test -->
  </suite> <!-- Default suite -->
</testng-results>
