<?xml version="1.0" encoding="UTF-8"?>
<testng-results retried="1" ignored="2" total="5" passed="2" failed="0" skipped="0">
  <reporter-output>
    <line>
      <![CDATA[Test Case is Passed]]>
    </line>
    <line>
      <![CDATA[Test Case is Passed]]>
    </line>
  </reporter-output>
  <suite started-at="2025-01-22T15:32:37 IST" name="Suite" finished-at="2025-01-22T15:33:06 IST" duration-ms="29647">
    <groups>
    </groups>
    <test started-at="2025-01-22T15:32:37 IST" name="Test" finished-at="2025-01-22T15:33:06 IST" duration-ms="29647">
      <class name="AmazonTestPackage.AmazonTestProject.LoginTest">
        <test-method is-config="true" signature="LaunchAmazon()[pri:0, instance:AmazonTestPackage.AmazonTestProject.LoginTest@79e2c065]" started-at="2025-01-22T15:32:37 IST" name="LaunchAmazon" finished-at="2025-01-22T15:32:41 IST" duration-ms="4803" status="PASS">
          <reporter-output>
          </reporter-output>
        </test-method> <!-- LaunchAmazon -->
        <test-method signature="LoginTest(java.lang.String,java.lang.String)[pri:0, instance:AmazonTestPackage.AmazonTestProject.LoginTest@79e2c065]" started-at="2025-01-22T15:32:42 IST" name="LoginTest" data-provider="inputvalue" finished-at="2025-01-22T15:32:55 IST" duration-ms="12572" status="PASS">
          <params>
            <param index="0">
              <value>
                <![CDATA[decentsandy744@gmail.com]]>
              </value>
            </param>
            <param index="1">
              <value>
                <![CDATA[Intel@22August]]>
              </value>
            </param>
          </params>
          <reporter-output>
            <line>
              <![CDATA[Test Case is Passed]]>
            </line>
          </reporter-output>
        </test-method> <!-- LoginTest -->
        <test-method is-config="true" signature="QuitAmazon()[pri:0, instance:AmazonTestPackage.AmazonTestProject.LoginTest@79e2c065]" started-at="2025-01-22T15:33:04 IST" name="QuitAmazon" finished-at="2025-01-22T15:33:06 IST" duration-ms="2003" status="PASS">
          <reporter-output>
          </reporter-output>
        </test-method> <!-- QuitAmazon -->
      </class> <!-- AmazonTestPackage.AmazonTestProject.LoginTest -->
      <class name="AmazonTestPackage.AmazonTestProject.SearchProductTestCase">
        <test-method retried="true" signature="SearchProduct()[pri:0, instance:AmazonTestPackage.AmazonTestProject.SearchProductTestCase@1d2adfbe]" started-at="2025-01-22T15:32:55 IST" name="SearchProduct" finished-at="2025-01-22T15:32:56 IST" duration-ms="422" status="SKIP">
          <exception class="org.openqa.selenium.StaleElementReferenceException">
            <message>
              <![CDATA[stale element reference: stale element not found in the current frame
  (Session info: chrome=132.0.6834.84)
For documentation on this error, please visit: https://www.selenium.dev/documentation/webdriver/troubleshooting/errors#stale-element-reference-exception
Build info: version: '4.27.0', revision: 'd6e718d134'
System info: os.name: 'Windows 11', os.arch: 'amd64', os.version: '10.0', java.version: '17.0.12'
Driver info: org.openqa.selenium.chrome.ChromeDriver
Command: [359e99eb5e1a5a2343a241d62af55703, clickElement {id=f.EFF036EB07F789E1762ACAA363D0561E.d.D63A7DAFF66AE0916E36854AA4F63549.e.258}]
Capabilities {acceptInsecureCerts: false, browserName: chrome, browserVersion: 132.0.6834.84, chrome: {chromedriverVersion: 132.0.6834.83 (03d59cf5ecf1..., userDataDir: C:\Users\SANDEE~1.KUM\AppDa...}, fedcm:accounts: true, goog:chromeOptions: {debuggerAddress: localhost:52064}, networkConnectionEnabled: false, pageLoadStrategy: normal, platformName: windows, proxy: Proxy(), se:cdp: ws://localhost:52064/devtoo..., se:cdpVersion: 132.0.6834.84, setWindowRect: true, strictFileInteractability: false, timeouts: {implicit: 0, pageLoad: 300000, script: 30000}, unhandledPromptBehavior: dismiss and notify, webauthn:extension:credBlob: true, webauthn:extension:largeBlob: true, webauthn:extension:minPinLength: true, webauthn:extension:prf: true, webauthn:virtualAuthenticators: true}
Element: [[ChromeDriver: chrome on windows (359e99eb5e1a5a2343a241d62af55703)] -> xpath: //div[@class='two-pane-results-container']/div/div]
Session ID: 359e99eb5e1a5a2343a241d62af55703]]>
            </message>
            <full-stacktrace>
              <![CDATA[org.openqa.selenium.StaleElementReferenceException: stale element reference: stale element not found in the current frame
  (Session info: chrome=132.0.6834.84)
For documentation on this error, please visit: https://www.selenium.dev/documentation/webdriver/troubleshooting/errors#stale-element-reference-exception
Build info: version: '4.27.0', revision: 'd6e718d134'
System info: os.name: 'Windows 11', os.arch: 'amd64', os.version: '10.0', java.version: '17.0.12'
Driver info: org.openqa.selenium.chrome.ChromeDriver
Command: [359e99eb5e1a5a2343a241d62af55703, clickElement {id=f.EFF036EB07F789E1762ACAA363D0561E.d.D63A7DAFF66AE0916E36854AA4F63549.e.258}]
Capabilities {acceptInsecureCerts: false, browserName: chrome, browserVersion: 132.0.6834.84, chrome: {chromedriverVersion: 132.0.6834.83 (03d59cf5ecf1..., userDataDir: C:\Users\SANDEE~1.KUM\AppDa...}, fedcm:accounts: true, goog:chromeOptions: {debuggerAddress: localhost:52064}, networkConnectionEnabled: false, pageLoadStrategy: normal, platformName: windows, proxy: Proxy(), se:cdp: ws://localhost:52064/devtoo..., se:cdpVersion: 132.0.6834.84, setWindowRect: true, strictFileInteractability: false, timeouts: {implicit: 0, pageLoad: 300000, script: 30000}, unhandledPromptBehavior: dismiss and notify, webauthn:extension:credBlob: true, webauthn:extension:largeBlob: true, webauthn:extension:minPinLength: true, webauthn:extension:prf: true, webauthn:virtualAuthenticators: true}
Element: [[ChromeDriver: chrome on windows (359e99eb5e1a5a2343a241d62af55703)] -> xpath: //div[@class='two-pane-results-container']/div/div]
Session ID: 359e99eb5e1a5a2343a241d62af55703
at java.base/jdk.internal.reflect.NativeConstructorAccessorImpl.newInstance0(Native Method)
at java.base/jdk.internal.reflect.NativeConstructorAccessorImpl.newInstance(NativeConstructorAccessorImpl.java:77)
at java.base/jdk.internal.reflect.DelegatingConstructorAccessorImpl.newInstance(DelegatingConstructorAccessorImpl.java:45)
at java.base/java.lang.reflect.Constructor.newInstanceWithCaller(Constructor.java:499)
at java.base/java.lang.reflect.Constructor.newInstance(Constructor.java:480)
at org.openqa.selenium.remote.ErrorCodec.decode(ErrorCodec.java:167)
at org.openqa.selenium.remote.codec.w3c.W3CHttpResponseCodec.decode(W3CHttpResponseCodec.java:138)
at org.openqa.selenium.remote.codec.w3c.W3CHttpResponseCodec.decode(W3CHttpResponseCodec.java:50)
at org.openqa.selenium.remote.HttpCommandExecutor.execute(HttpCommandExecutor.java:190)
at org.openqa.selenium.remote.service.DriverCommandExecutor.invokeExecute(DriverCommandExecutor.java:216)
at org.openqa.selenium.remote.service.DriverCommandExecutor.execute(DriverCommandExecutor.java:174)
at org.openqa.selenium.remote.RemoteWebDriver.execute(RemoteWebDriver.java:545)
at org.openqa.selenium.remote.RemoteWebElement.execute(RemoteWebElement.java:223)
at org.openqa.selenium.remote.RemoteWebElement.click(RemoteWebElement.java:76)
at AmazonTestPackage.AmazonTestProject.SearchProductTestCase.SearchProduct(SearchProductTestCase.java:23)
at java.base/jdk.internal.reflect.NativeMethodAccessorImpl.invoke0(Native Method)
at java.base/jdk.internal.reflect.NativeMethodAccessorImpl.invoke(NativeMethodAccessorImpl.java:77)
at java.base/jdk.internal.reflect.DelegatingMethodAccessorImpl.invoke(DelegatingMethodAccessorImpl.java:43)
at java.base/java.lang.reflect.Method.invoke(Method.java:568)
at org.testng.internal.MethodInvocationHelper.invokeMethod(MethodInvocationHelper.java:133)
at org.testng.internal.TestInvoker.invokeMethod(TestInvoker.java:598)
at org.testng.internal.TestInvoker.invokeTestMethod(TestInvoker.java:173)
at org.testng.internal.MethodRunner.runInSequence(MethodRunner.java:46)
at org.testng.internal.TestInvoker$MethodInvocationAgent.invoke(TestInvoker.java:824)
at org.testng.internal.TestInvoker.invokeTestMethods(TestInvoker.java:146)
at org.testng.internal.TestMethodWorker.invokeTestMethods(TestMethodWorker.java:146)
at org.testng.internal.TestMethodWorker.run(TestMethodWorker.java:128)
at java.base/java.util.ArrayList.forEach(ArrayList.java:1511)
at org.testng.TestRunner.privateRun(TestRunner.java:794)
at org.testng.TestRunner.run(TestRunner.java:596)
at org.testng.SuiteRunner.runTest(SuiteRunner.java:377)
at org.testng.SuiteRunner.runSequentially(SuiteRunner.java:371)
at org.testng.SuiteRunner.privateRun(SuiteRunner.java:332)
at org.testng.SuiteRunner.run(SuiteRunner.java:276)
at org.testng.SuiteRunnerWorker.runSuite(SuiteRunnerWorker.java:53)
at org.testng.SuiteRunnerWorker.run(SuiteRunnerWorker.java:96)
at org.testng.TestNG.runSuitesSequentially(TestNG.java:1212)
at org.testng.TestNG.runSuitesLocally(TestNG.java:1134)
at org.testng.TestNG.runSuites(TestNG.java:1063)
at org.testng.TestNG.run(TestNG.java:1031)
at org.testng.remote.AbstractRemoteTestNG.run(AbstractRemoteTestNG.java:115)
at org.testng.remote.RemoteTestNG.initAndRun(RemoteTestNG.java:293)
at org.testng.remote.RemoteTestNG.main(RemoteTestNG.java:91)
]]>
            </full-stacktrace>
          </exception> <!-- org.openqa.selenium.StaleElementReferenceException -->
          <reporter-output>
          </reporter-output>
        </test-method> <!-- SearchProduct -->
        <test-method signature="SearchProduct()[pri:0, instance:AmazonTestPackage.AmazonTestProject.SearchProductTestCase@1d2adfbe]" started-at="2025-01-22T15:32:56 IST" name="SearchProduct" finished-at="2025-01-22T15:33:04 IST" duration-ms="8372" status="PASS">
          <reporter-output>
            <line>
              <![CDATA[Test Case is Passed]]>
            </line>
          </reporter-output>
        </test-method> <!-- SearchProduct -->
      </class> <!-- AmazonTestPackage.AmazonTestProject.SearchProductTestCase -->
    </test> <!-- Test -->
  </suite> <!-- Suite -->
</testng-results>
